TN:
SF:src\AuthContext.tsx
FNF:0
FNH:0
DA:3,0
LF:1
LH:0
BRF:0
BRH:0
end_of_record
TN:
SF:src\components\Form\Button\index.tsx
FN:12,Button
FNF:1
FNH:1
FNDA:4,Button
DA:16,4
LF:1
LH:1
BRF:0
BRH:0
end_of_record
TN:
SF:src\components\Form\CategorySelectButton\index.tsx
FN:15,CategorySelectButton
FNF:1
FNH:1
FNDA:2,CategorySelectButton
DA:20,2
LF:1
LH:1
BRF:0
BRH:0
end_of_record
TN:
SF:src\components\Form\Input\index.tsx
FN:14,Input
FNF:1
FNH:1
FNDA:5,Input
DA:18,5
LF:1
LH:1
BRDA:15,0,0,4
BRF:1
BRH:1
end_of_record
TN:
SF:src\components\Form\InputForm\index.tsx
FN:18,InputForm
FN:28,(anonymous_1)
FNF:2
FNH:2
FNDA:4,InputForm
FNDA:4,(anonymous_1)
DA:24,4
DA:29,4
LF:2
LH:2
BRDA:37,0,0,4
BRDA:37,0,1,0
BRF:2
BRH:1
end_of_record
TN:
SF:src\components\Form\TransactionTypeButton\index.tsx
FN:25,TransactionTypeButton
FNF:1
FNH:1
FNDA:4,TransactionTypeButton
DA:13,1
DA:32,4
LF:2
LH:2
BRF:0
BRH:0
end_of_record
TN:
SF:src\components\HightlightCard\index.tsx
FN:26,HightlightCard
FNF:1
FNH:0
FNDA:0,HightlightCard
DA:20,0
DA:32,0
LF:2
LH:0
BRF:0
BRH:0
end_of_record
TN:
SF:src\components\HistoryCard\index.tsx
FN:15,HistoryCard
FNF:1
FNH:0
FNDA:0,HistoryCard
DA:20,0
LF:1
LH:0
BRF:0
BRH:0
end_of_record
TN:
SF:src\components\SignInSocialButton\index.tsx
FN:16,SignInSocialButton
FNF:1
FNH:0
FNDA:0,SignInSocialButton
DA:21,0
LF:1
LH:0
BRF:0
BRH:0
end_of_record
TN:
SF:src\components\TransactionCard\index.tsx
FN:30,TransactionCard
FN:32,(anonymous_1)
FNF:2
FNH:0
FNDA:0,TransactionCard
FNDA:0,(anonymous_1)
DA:31,0
DA:32,0
DA:34,0
LF:3
LH:0
BRDA:41,0,0,0
BRDA:41,0,1,0
BRF:2
BRH:0
end_of_record
TN:
SF:src\hooks\auth.tsx
FN:44,AuthProvider
FN:48,signInWithGoogle
FN:80,signOut
FN:85,(anonymous_3)
FN:86,loadUserStorageDate
FN:114,useAuth
FNF:6
FNH:5
FNDA:12,AuthProvider
FNDA:3,signInWithGoogle
FNDA:0,signOut
FNDA:9,(anonymous_3)
FNDA:9,loadUserStorageDate
FNDA:11,useAuth
DA:12,2
DA:13,2
DA:15,2
DA:42,2
DA:45,12
DA:46,12
DA:49,3
DA:50,3
DA:51,3
DA:53,3
DA:55,3
DA:58,3
DA:59,3
DA:60,3
DA:61,3
DA:64,3
DA:76,0
DA:81,0
DA:82,0
DA:85,12
DA:87,9
DA:89,9
DA:90,0
DA:91,0
DA:93,9
DA:97,9
DA:100,12
DA:115,11
DA:117,11
LF:29
LH:24
BRDA:58,0,0,3
BRDA:58,0,1,0
BRDA:89,1,0,0
BRDA:89,1,1,9
BRF:4
BRH:2
end_of_record
TN:
SF:src\routes\app.routes.tsx
FN:14,AppRoutes
FN:34,(anonymous_1)
FN:48,(anonymous_2)
FN:62,(anonymous_3)
FNF:4
FNH:0
FNDA:0,AppRoutes
FNDA:0,(anonymous_1)
FNDA:0,(anonymous_2)
FNDA:0,(anonymous_3)
DA:11,0
DA:15,0
DA:17,0
DA:35,0
DA:49,0
DA:63,0
LF:6
LH:0
BRDA:26,0,0,0
BRDA:26,0,1,0
BRF:2
BRH:0
end_of_record
TN:
SF:src\routes\auth.routes.tsx
FN:8,AuthRoutes
FNF:1
FNH:0
FNDA:0,AuthRoutes
DA:6,0
DA:9,0
LF:2
LH:0
BRF:0
BRH:0
end_of_record
TN:
SF:src\routes\index.tsx
FN:9,Routes
FNF:1
FNH:0
FNDA:0,Routes
DA:10,0
DA:11,0
LF:2
LH:0
BRDA:14,0,0,0
BRDA:14,0,1,0
BRF:2
BRH:0
end_of_record
TN:
SF:src\screens\CategorySelect\index.tsx
FN:31,CategorySelect
FN:36,handleCategorySelect
FN:51,(anonymous_2)
FN:52,(anonymous_3)
FN:55,(anonymous_4)
FN:62,(anonymous_5)
FNF:6
FNH:4
FNDA:2,CategorySelect
FNDA:0,handleCategorySelect
FNDA:12,(anonymous_2)
FNDA:12,(anonymous_3)
FNDA:0,(anonymous_4)
FNDA:10,(anonymous_5)
DA:37,0
DA:41,2
DA:51,12
DA:54,12
DA:55,0
DA:62,10
LF:6
LH:4
BRF:0
BRH:0
end_of_record
TN:
SF:src\screens\Dashboard\index.tsx
FN:44,Dashboard
FN:52,getLastTransactionDate
FN:56,(anonymous_2)
FN:64,(anonymous_3)
FN:70,loadTransactions
FN:79,(anonymous_5)
FN:156,(anonymous_6)
FN:163,(anonymous_7)
FN:220,(anonymous_8)
FN:221,(anonymous_9)
FNF:10
FNH:0
FNDA:0,Dashboard
FNDA:0,getLastTransactionDate
FNDA:0,(anonymous_2)
FNDA:0,(anonymous_3)
FNDA:0,loadTransactions
FNDA:0,(anonymous_5)
FNDA:0,(anonymous_6)
FNDA:0,(anonymous_7)
FNDA:0,(anonymous_8)
FNDA:0,(anonymous_9)
DA:45,0
DA:46,0
DA:47,0
DA:49,0
DA:50,0
DA:55,0
DA:56,0
DA:58,0
DA:59,0
DA:62,0
DA:64,0
DA:67,0
DA:71,0
DA:72,0
DA:73,0
DA:75,0
DA:76,0
DA:78,0
DA:81,0
DA:82,0
DA:84,0
DA:88,0
DA:94,0
DA:100,0
DA:111,0
DA:113,0
DA:114,0
DA:116,0
DA:121,0
DA:123,0
DA:152,0
DA:156,0
DA:157,0
DA:163,0
DA:164,0
DA:168,0
DA:220,0
DA:221,0
LF:38
LH:0
BRDA:58,0,0,0
BRDA:58,0,1,0
BRDA:73,1,0,0
BRDA:73,1,1,0
BRDA:81,2,0,0
BRDA:81,2,1,0
BRDA:116,3,0,0
BRDA:116,3,1,0
BRDA:129,4,0,0
BRDA:129,4,1,0
BRDA:138,5,0,0
BRDA:138,5,1,0
BRDA:172,6,0,0
BRDA:172,6,1,0
BRF:14
BRH:0
end_of_record
TN:
SF:src\screens\Profile\index.tsx
FN:10,Profile
FN:31,(anonymous_1)
FNF:2
FNH:1
FNDA:3,Profile
FNDA:0,(anonymous_1)
DA:11,3
LF:1
LH:1
BRF:0
BRH:0
end_of_record
TN:
SF:src\screens\Register\index.tsx
FN:54,Register
FN:74,handleTransactionsTypeSelect
FN:79,handleOpenSelectCategoryModal
FN:83,handleCloseSelectCategoryModal
FN:87,handleRegister
FN:179,(anonymous_5)
FN:186,(anonymous_6)
FNF:7
FNH:2
FNDA:2,Register
FNDA:0,handleTransactionsTypeSelect
FNDA:1,handleOpenSelectCategoryModal
FNDA:0,handleCloseSelectCategoryModal
FNDA:0,handleRegister
FNDA:0,(anonymous_5)
FNDA:0,(anonymous_6)
DA:45,1
DA:55,2
DA:56,2
DA:58,2
DA:63,2
DA:70,2
DA:75,0
DA:80,1
DA:84,0
DA:88,0
DA:89,0
DA:91,0
DA:92,0
DA:94,0
DA:103,0
DA:104,0
DA:106,0
DA:107,0
DA:109,0
DA:114,0
DA:116,0
DA:117,0
DA:118,0
DA:122,0
DA:124,0
DA:127,0
DA:128,0
DA:147,2
DA:179,0
DA:186,0
LF:30
LH:8
BRDA:88,0,0,0
BRDA:88,0,1,0
BRDA:91,1,0,0
BRDA:91,1,1,0
BRDA:107,2,0,0
BRDA:107,2,1,0
BRDA:164,3,0,2
BRDA:164,3,1,0
BRDA:172,4,0,2
BRDA:172,4,1,0
BRF:10
BRH:2
end_of_record
TN:
SF:src\screens\Resume\index.tsx
FN:46,Resume
FN:54,handleDateChange
FN:62,loadData
FN:69,(anonymous_3)
FN:73,(anonymous_4)
FN:81,(anonymous_5)
FN:84,(anonymous_6)
FN:117,(anonymous_7)
FN:139,(anonymous_8)
FN:140,(anonymous_9)
FN:152,(anonymous_10)
FN:153,(anonymous_11)
FN:165,(anonymous_12)
FN:182,(anonymous_13)
FNF:14
FNH:0
FNDA:0,Resume
FNDA:0,handleDateChange
FNDA:0,loadData
FNDA:0,(anonymous_3)
FNDA:0,(anonymous_4)
FNDA:0,(anonymous_5)
FNDA:0,(anonymous_6)
FNDA:0,(anonymous_7)
FNDA:0,(anonymous_8)
FNDA:0,(anonymous_9)
FNDA:0,(anonymous_10)
FNDA:0,(anonymous_11)
FNDA:0,(anonymous_12)
FNDA:0,(anonymous_13)
DA:47,0
DA:48,0
DA:49,0
DA:51,0
DA:52,0
DA:55,0
DA:56,0
DA:58,0
DA:63,0
DA:64,0
DA:65,0
DA:66,0
DA:68,0
DA:70,0
DA:73,0
DA:74,0
DA:79,0
DA:81,0
DA:82,0
DA:84,0
DA:85,0
DA:86,0
DA:90,0
DA:92,0
DA:98,0
DA:100,0
DA:112,0
DA:113,0
DA:117,0
DA:118,0
DA:121,0
DA:139,0
DA:140,0
DA:152,0
DA:153,0
DA:165,0
DA:183,0
LF:37
LH:0
BRDA:55,0,0,0
BRDA:55,0,1,0
BRDA:66,1,0,0
BRDA:66,1,1,0
BRDA:70,2,0,0
BRDA:70,2,1,0
BRDA:70,2,2,0
BRDA:85,3,0,0
BRDA:85,3,1,0
BRDA:90,4,0,0
BRDA:90,4,1,0
BRDA:127,5,0,0
BRDA:127,5,1,0
BRF:13
BRH:0
end_of_record
TN:
SF:src\screens\SignIn\index.tsx
FN:24,SignIn
FN:30,handleSignInWithGoogle
FNF:2
FNH:0
FNDA:0,SignIn
FNDA:0,handleSignInWithGoogle
DA:25,0
DA:26,0
DA:28,0
DA:31,0
DA:32,0
DA:33,0
DA:36,0
DA:37,0
DA:41,0
LF:9
LH:0
BRDA:65,0,0,0
BRDA:65,0,1,0
BRDA:87,1,0,0
BRDA:87,1,1,0
BRF:4
BRH:0
end_of_record
